2018-12-03 23:43:24.418 [main] DEBUG com.numbers.interpreter.Interpreter - Input number: 54 343 43 3 
2018-12-03 23:43:24.590 [main] INFO  com.numbers.interpreter.natural.NumbersInterpretation - Number: 54, has interpretations: 54 504 
2018-12-03 23:43:24.590 [main] INFO  com.numbers.interpreter.natural.NumbersInterpretation - Number: 343, has interpretations: 343 3403 30043 300403 
2018-12-03 23:43:24.590 [main] INFO  com.numbers.interpreter.natural.NumbersInterpretation - Number: 43, has interpretations: 43 403 
2018-12-03 23:43:24.590 [main] INFO  com.numbers.interpreter.natural.NumbersInterpretation - Number: 3, has interpretations: 3 
2018-12-03 23:43:24.605 [main] INFO  com.numbers.interpreter.phone.GreekPhoneNumber - --------------Interpretations--------------------
2018-12-03 23:43:24.605 [main] INFO  com.numbers.interpreter.phone.GreekPhoneNumber - 54343433
2018-12-03 23:43:24.605 [main] INFO  com.numbers.interpreter.phone.GreekPhoneNumber - 543434033
2018-12-03 23:43:24.605 [main] INFO  com.numbers.interpreter.phone.GreekPhoneNumber - 543403433
2018-12-03 23:43:24.605 [main] INFO  com.numbers.interpreter.phone.GreekPhoneNumber - 5434034033
2018-12-03 23:43:24.605 [main] INFO  com.numbers.interpreter.phone.GreekPhoneNumber - 5430043433
2018-12-03 23:43:24.605 [main] INFO  com.numbers.interpreter.phone.GreekPhoneNumber - 54300434033
2018-12-03 23:43:24.605 [main] INFO  com.numbers.interpreter.phone.GreekPhoneNumber - 54300403433
2018-12-03 23:43:24.605 [main] INFO  com.numbers.interpreter.phone.GreekPhoneNumber - 543004034033
2018-12-03 23:43:24.605 [main] INFO  com.numbers.interpreter.phone.GreekPhoneNumber - 504343433
2018-12-03 23:43:24.605 [main] INFO  com.numbers.interpreter.phone.GreekPhoneNumber - 5043434033
2018-12-03 23:43:24.605 [main] INFO  com.numbers.interpreter.phone.GreekPhoneNumber - 5043403433
2018-12-03 23:43:24.605 [main] INFO  com.numbers.interpreter.phone.GreekPhoneNumber - 50434034033
2018-12-03 23:43:24.605 [main] INFO  com.numbers.interpreter.phone.GreekPhoneNumber - 50430043433
2018-12-03 23:43:24.605 [main] INFO  com.numbers.interpreter.phone.GreekPhoneNumber - 504300434033
2018-12-03 23:43:24.605 [main] INFO  com.numbers.interpreter.phone.GreekPhoneNumber - 504300403433
2018-12-03 23:43:24.605 [main] INFO  com.numbers.interpreter.phone.GreekPhoneNumber - 5043004034033
2018-12-03 23:43:24.605 [main] INFO  com.numbers.interpreter.phone.GreekPhoneNumber - Phone number: 54343433 is not valid
2018-12-03 23:43:24.605 [main] DEBUG com.numbers.interpreter.Interpreter - Interpretation 1:54343433[phone number: INVALID]
2018-12-03 23:43:24.605 [main] INFO  com.numbers.interpreter.phone.GreekPhoneNumber - Phone number: 54343433 is not valid
2018-12-03 23:43:24.605 [main] INFO  com.numbers.interpreter.phone.GreekPhoneNumber - Phone number: 543434033 is not valid
2018-12-03 23:43:24.605 [main] DEBUG com.numbers.interpreter.Interpreter - Interpretation 2:543434033[phone number: INVALID]
2018-12-03 23:43:24.605 [main] INFO  com.numbers.interpreter.phone.GreekPhoneNumber - Phone number: 543434033 is not valid
2018-12-03 23:43:24.621 [main] INFO  com.numbers.interpreter.phone.GreekPhoneNumber - Phone number: 543403433 is not valid
2018-12-03 23:43:24.621 [main] DEBUG com.numbers.interpreter.Interpreter - Interpretation 3:543403433[phone number: INVALID]
2018-12-03 23:43:24.621 [main] INFO  com.numbers.interpreter.phone.GreekPhoneNumber - Phone number: 543403433 is not valid
2018-12-03 23:43:24.621 [main] INFO  com.numbers.interpreter.phone.GreekPhoneNumber - Phone number: 5434034033 is not valid
2018-12-03 23:43:24.621 [main] DEBUG com.numbers.interpreter.Interpreter - Interpretation 4:5434034033[phone number: INVALID]
2018-12-03 23:43:24.621 [main] INFO  com.numbers.interpreter.phone.GreekPhoneNumber - Phone number: 5434034033 is not valid
2018-12-03 23:43:24.621 [main] INFO  com.numbers.interpreter.phone.GreekPhoneNumber - Phone number: 5430043433 is not valid
2018-12-03 23:43:24.621 [main] DEBUG com.numbers.interpreter.Interpreter - Interpretation 5:5430043433[phone number: INVALID]
2018-12-03 23:43:24.621 [main] INFO  com.numbers.interpreter.phone.GreekPhoneNumber - Phone number: 5430043433 is not valid
2018-12-03 23:43:24.621 [main] INFO  com.numbers.interpreter.phone.GreekPhoneNumber - Phone number: 54300434033 is not valid
2018-12-03 23:43:24.621 [main] DEBUG com.numbers.interpreter.Interpreter - Interpretation 6:54300434033[phone number: INVALID]
2018-12-03 23:43:24.621 [main] INFO  com.numbers.interpreter.phone.GreekPhoneNumber - Phone number: 54300434033 is not valid
2018-12-03 23:43:24.621 [main] INFO  com.numbers.interpreter.phone.GreekPhoneNumber - Phone number: 54300403433 is not valid
2018-12-03 23:43:24.621 [main] DEBUG com.numbers.interpreter.Interpreter - Interpretation 7:54300403433[phone number: INVALID]
2018-12-03 23:43:24.621 [main] INFO  com.numbers.interpreter.phone.GreekPhoneNumber - Phone number: 54300403433 is not valid
2018-12-03 23:43:24.637 [main] INFO  com.numbers.interpreter.phone.GreekPhoneNumber - Phone number: 543004034033 is not valid
2018-12-03 23:43:24.637 [main] DEBUG com.numbers.interpreter.Interpreter - Interpretation 8:543004034033[phone number: INVALID]
2018-12-03 23:43:24.637 [main] INFO  com.numbers.interpreter.phone.GreekPhoneNumber - Phone number: 543004034033 is not valid
2018-12-03 23:43:24.637 [main] INFO  com.numbers.interpreter.phone.GreekPhoneNumber - Phone number: 504343433 is not valid
2018-12-03 23:43:24.637 [main] DEBUG com.numbers.interpreter.Interpreter - Interpretation 9:504343433[phone number: INVALID]
2018-12-03 23:43:24.637 [main] INFO  com.numbers.interpreter.phone.GreekPhoneNumber - Phone number: 504343433 is not valid
2018-12-03 23:43:24.637 [main] INFO  com.numbers.interpreter.phone.GreekPhoneNumber - Phone number: 5043434033 is not valid
2018-12-03 23:43:24.637 [main] DEBUG com.numbers.interpreter.Interpreter - Interpretation 10:5043434033[phone number: INVALID]
2018-12-03 23:43:24.637 [main] INFO  com.numbers.interpreter.phone.GreekPhoneNumber - Phone number: 5043434033 is not valid
2018-12-03 23:43:24.637 [main] INFO  com.numbers.interpreter.phone.GreekPhoneNumber - Phone number: 5043403433 is not valid
2018-12-03 23:43:24.637 [main] DEBUG com.numbers.interpreter.Interpreter - Interpretation 11:5043403433[phone number: INVALID]
2018-12-03 23:43:24.637 [main] INFO  com.numbers.interpreter.phone.GreekPhoneNumber - Phone number: 5043403433 is not valid
2018-12-03 23:43:24.652 [main] INFO  com.numbers.interpreter.phone.GreekPhoneNumber - Phone number: 50434034033 is not valid
2018-12-03 23:43:24.652 [main] DEBUG com.numbers.interpreter.Interpreter - Interpretation 12:50434034033[phone number: INVALID]
2018-12-03 23:43:24.652 [main] INFO  com.numbers.interpreter.phone.GreekPhoneNumber - Phone number: 50434034033 is not valid
2018-12-03 23:43:24.652 [main] INFO  com.numbers.interpreter.phone.GreekPhoneNumber - Phone number: 50430043433 is not valid
2018-12-03 23:43:24.652 [main] DEBUG com.numbers.interpreter.Interpreter - Interpretation 13:50430043433[phone number: INVALID]
2018-12-03 23:43:24.652 [main] INFO  com.numbers.interpreter.phone.GreekPhoneNumber - Phone number: 50430043433 is not valid
2018-12-03 23:43:24.652 [main] INFO  com.numbers.interpreter.phone.GreekPhoneNumber - Phone number: 504300434033 is not valid
2018-12-03 23:43:24.652 [main] DEBUG com.numbers.interpreter.Interpreter - Interpretation 14:504300434033[phone number: INVALID]
2018-12-03 23:43:24.652 [main] INFO  com.numbers.interpreter.phone.GreekPhoneNumber - Phone number: 504300434033 is not valid
2018-12-03 23:43:24.652 [main] INFO  com.numbers.interpreter.phone.GreekPhoneNumber - Phone number: 504300403433 is not valid
2018-12-03 23:43:24.652 [main] DEBUG com.numbers.interpreter.Interpreter - Interpretation 15:504300403433[phone number: INVALID]
2018-12-03 23:43:24.652 [main] INFO  com.numbers.interpreter.phone.GreekPhoneNumber - Phone number: 504300403433 is not valid
2018-12-03 23:43:24.652 [main] INFO  com.numbers.interpreter.phone.GreekPhoneNumber - Phone number: 5043004034033 is not valid
2018-12-03 23:43:24.652 [main] DEBUG com.numbers.interpreter.Interpreter - Interpretation 16:5043004034033[phone number: INVALID]
2018-12-03 23:43:24.668 [main] INFO  com.numbers.interpreter.phone.GreekPhoneNumber - Phone number: 5043004034033 is not valid
2018-12-03 23:45:07.116 [main] INFO  com.numbers.interpreter.natural.NumbersInterpretation - Number: 0, has interpretations: 0 
2018-12-03 23:45:07.132 [main] INFO  com.numbers.interpreter.phone.GreekPhoneNumber - --------------Interpretations--------------------
2018-12-03 23:45:07.132 [main] INFO  com.numbers.interpreter.phone.GreekPhoneNumber - 0
2018-12-03 23:45:07.132 [main] INFO  com.numbers.interpreter.phone.GreekPhoneNumber - Phone number: 302558 is not valid
2018-12-03 23:45:07.132 [main] INFO  com.numbers.interpreter.natural.NumbersInterpretation - Number: 0, has interpretations: 0 
2018-12-03 23:45:07.132 [main] INFO  com.numbers.interpreter.phone.GreekPhoneNumber - --------------Interpretations--------------------
2018-12-03 23:45:07.132 [main] INFO  com.numbers.interpreter.phone.GreekPhoneNumber - 0
2018-12-03 23:45:07.132 [main] INFO  com.numbers.interpreter.phone.GreekPhoneNumber - Phone number: 2106930664 is valid
2018-12-03 23:45:07.147 [main] INFO  com.numbers.interpreter.natural.NumbersInterpretation - Number: 0, has interpretations: 0 
2018-12-03 23:45:07.147 [main] INFO  com.numbers.interpreter.phone.GreekPhoneNumber - --------------Interpretations--------------------
2018-12-03 23:45:07.147 [main] INFO  com.numbers.interpreter.phone.GreekPhoneNumber - 0
2018-12-03 23:45:07.147 [main] INFO  com.numbers.interpreter.phone.GreekPhoneNumber - Phone number: 00306974092252 is valid
2018-12-03 23:45:07.147 [main] INFO  com.numbers.interpreter.natural.NumbersInterpretation - Number: 0, has interpretations: 0 
2018-12-03 23:45:07.147 [main] INFO  com.numbers.interpreter.phone.GreekPhoneNumber - --------------Interpretations--------------------
2018-12-03 23:45:07.147 [main] INFO  com.numbers.interpreter.phone.GreekPhoneNumber - 0
2018-12-03 23:45:07.147 [main] INFO  com.numbers.interpreter.phone.GreekPhoneNumber - Phone number: 69740922521 is not valid
2018-12-03 23:45:07.147 [main] INFO  com.numbers.interpreter.natural.NumbersInterpretation - Number: 0, has interpretations: 0 
2018-12-03 23:45:07.147 [main] INFO  com.numbers.interpreter.phone.GreekPhoneNumber - --------------Interpretations--------------------
2018-12-03 23:45:07.147 [main] INFO  com.numbers.interpreter.phone.GreekPhoneNumber - 0
2018-12-03 23:45:07.147 [main] INFO  com.numbers.interpreter.phone.GreekPhoneNumber - Phone number: 00302106930664 is valid
2018-12-03 23:45:07.163 [main] INFO  com.numbers.interpreter.natural.NumbersInterpretation - Number: 2, has interpretations: 2 
2018-12-03 23:45:07.163 [main] INFO  com.numbers.interpreter.natural.NumbersInterpretation - Number: 10, has interpretations: 10 1 
2018-12-03 23:45:07.163 [main] INFO  com.numbers.interpreter.natural.NumbersInterpretation - Number: 6, has interpretations: 6 
2018-12-03 23:45:07.163 [main] INFO  com.numbers.interpreter.natural.NumbersInterpretation - Number: 9, has interpretations: 9 
2018-12-03 23:45:07.163 [main] INFO  com.numbers.interpreter.natural.NumbersInterpretation - Number: 30, has interpretations: 30 3 
2018-12-03 23:45:07.163 [main] INFO  com.numbers.interpreter.natural.NumbersInterpretation - Number: 6, has interpretations: 6 
2018-12-03 23:45:07.163 [main] INFO  com.numbers.interpreter.natural.NumbersInterpretation - Number: 6, has interpretations: 6 
2018-12-03 23:45:07.163 [main] INFO  com.numbers.interpreter.natural.NumbersInterpretation - Number: 4, has interpretations: 4 
2018-12-03 23:45:07.163 [main] INFO  com.numbers.interpreter.phone.GreekPhoneNumber - --------------Interpretations--------------------
2018-12-03 23:45:07.163 [main] INFO  com.numbers.interpreter.phone.GreekPhoneNumber - 2106930664
2018-12-03 23:45:07.163 [main] INFO  com.numbers.interpreter.phone.GreekPhoneNumber - 210693664
2018-12-03 23:45:07.163 [main] INFO  com.numbers.interpreter.phone.GreekPhoneNumber - 216930664
2018-12-03 23:45:07.163 [main] INFO  com.numbers.interpreter.phone.GreekPhoneNumber - 21693664
2018-12-03 23:45:07.163 [main] INFO  com.numbers.interpreter.natural.NumbersInterpretation - Number: 2, has interpretations: 2 
2018-12-03 23:45:07.163 [main] INFO  com.numbers.interpreter.natural.NumbersInterpretation - Number: 10, has interpretations: 10 
2018-12-03 23:45:07.163 [main] INFO  com.numbers.interpreter.natural.NumbersInterpretation - Number: 69, has interpretations: 69 609 
2018-12-03 23:45:07.179 [main] INFO  com.numbers.interpreter.natural.NumbersInterpretation - Number: 30, has interpretations: 30 3 
2018-12-03 23:45:07.179 [main] INFO  com.numbers.interpreter.natural.NumbersInterpretation - Number: 6, has interpretations: 6 
2018-12-03 23:45:07.179 [main] INFO  com.numbers.interpreter.natural.NumbersInterpretation - Number: 6, has interpretations: 6 
2018-12-03 23:45:07.179 [main] INFO  com.numbers.interpreter.natural.NumbersInterpretation - Number: 4, has interpretations: 4 
2018-12-03 23:45:07.179 [main] INFO  com.numbers.interpreter.phone.GreekPhoneNumber - --------------Interpretations--------------------
2018-12-03 23:45:07.179 [main] INFO  com.numbers.interpreter.phone.GreekPhoneNumber - 2106930664
2018-12-03 23:45:07.179 [main] INFO  com.numbers.interpreter.phone.GreekPhoneNumber - 210693664
2018-12-03 23:45:07.179 [main] INFO  com.numbers.interpreter.phone.GreekPhoneNumber - 21060930664
2018-12-03 23:45:07.179 [main] INFO  com.numbers.interpreter.phone.GreekPhoneNumber - 2106093664
2018-12-03 23:45:07.179 [main] INFO  com.numbers.interpreter.natural.NumbersInterpretation - Number: 0, has interpretations: 0 
2018-12-03 23:45:07.179 [main] INFO  com.numbers.interpreter.natural.NumbersInterpretation - Number: 0, has interpretations: 0 
2018-12-03 23:45:07.179 [main] INFO  com.numbers.interpreter.natural.NumbersInterpretation - Number: 30, has interpretations: 30 
2018-12-03 23:45:07.179 [main] INFO  com.numbers.interpreter.natural.NumbersInterpretation - Number: 69, has interpretations: 69 609 
2018-12-03 23:45:07.179 [main] INFO  com.numbers.interpreter.natural.NumbersInterpretation - Number: 700, has interpretations: 700 7 
2018-12-03 23:45:07.179 [main] INFO  com.numbers.interpreter.natural.NumbersInterpretation - Number: 24, has interpretations: 24 204 
2018-12-03 23:45:07.179 [main] INFO  com.numbers.interpreter.natural.NumbersInterpretation - Number: 1, has interpretations: 1 
2018-12-03 23:45:07.179 [main] INFO  com.numbers.interpreter.natural.NumbersInterpretation - Number: 3, has interpretations: 3 
2018-12-03 23:45:07.179 [main] INFO  com.numbers.interpreter.natural.NumbersInterpretation - Number: 50, has interpretations: 50 5 
2018-12-03 23:45:07.179 [main] INFO  com.numbers.interpreter.natural.NumbersInterpretation - Number: 2, has interpretations: 2 
2018-12-03 23:45:07.179 [main] INFO  com.numbers.interpreter.phone.GreekPhoneNumber - --------------Interpretations--------------------
2018-12-03 23:45:07.179 [main] INFO  com.numbers.interpreter.phone.GreekPhoneNumber - 0030697002413502
2018-12-03 23:45:07.179 [main] INFO  com.numbers.interpreter.phone.GreekPhoneNumber - 003069700241352
2018-12-03 23:45:07.179 [main] INFO  com.numbers.interpreter.phone.GreekPhoneNumber - 00306970020413502
2018-12-03 23:45:07.179 [main] INFO  com.numbers.interpreter.phone.GreekPhoneNumber - 0030697002041352
2018-12-03 23:45:07.179 [main] INFO  com.numbers.interpreter.phone.GreekPhoneNumber - 00306972413502
2018-12-03 23:45:07.179 [main] INFO  com.numbers.interpreter.phone.GreekPhoneNumber - 0030697241352
2018-12-03 23:45:07.179 [main] INFO  com.numbers.interpreter.phone.GreekPhoneNumber - 003069720413502
2018-12-03 23:45:07.179 [main] INFO  com.numbers.interpreter.phone.GreekPhoneNumber - 00306972041352
2018-12-03 23:58:34.170 [main] INFO  com.numbers.interpreter.natural.NumbersInterpretation - Number: 0, has interpretations: 0 
2018-12-03 23:58:34.186 [main] INFO  com.numbers.interpreter.phone.GreekPhoneNumber - --------------Interpretations--------------------
2018-12-03 23:58:34.186 [main] INFO  com.numbers.interpreter.phone.GreekPhoneNumber - 0
2018-12-03 23:58:34.186 [main] INFO  com.numbers.interpreter.phone.GreekPhoneNumber - Phone number: 302558 is not valid
2018-12-03 23:58:34.202 [main] INFO  com.numbers.interpreter.natural.NumbersInterpretation - Number: 0, has interpretations: 0 
2018-12-03 23:58:34.202 [main] INFO  com.numbers.interpreter.phone.GreekPhoneNumber - --------------Interpretations--------------------
2018-12-03 23:58:34.202 [main] INFO  com.numbers.interpreter.phone.GreekPhoneNumber - 0
2018-12-03 23:58:34.202 [main] INFO  com.numbers.interpreter.phone.GreekPhoneNumber - Phone number: 2106930664 is valid
2018-12-03 23:58:34.202 [main] INFO  com.numbers.interpreter.natural.NumbersInterpretation - Number: 0, has interpretations: 0 
2018-12-03 23:58:34.202 [main] INFO  com.numbers.interpreter.phone.GreekPhoneNumber - --------------Interpretations--------------------
2018-12-03 23:58:34.202 [main] INFO  com.numbers.interpreter.phone.GreekPhoneNumber - 0
2018-12-03 23:58:34.202 [main] INFO  com.numbers.interpreter.phone.GreekPhoneNumber - Phone number: 00306974092252 is valid
2018-12-03 23:58:34.202 [main] INFO  com.numbers.interpreter.natural.NumbersInterpretation - Number: 0, has interpretations: 0 
2018-12-03 23:58:34.202 [main] INFO  com.numbers.interpreter.phone.GreekPhoneNumber - --------------Interpretations--------------------
2018-12-03 23:58:34.202 [main] INFO  com.numbers.interpreter.phone.GreekPhoneNumber - 0
2018-12-03 23:58:34.202 [main] INFO  com.numbers.interpreter.phone.GreekPhoneNumber - Phone number: 69740922521 is not valid
2018-12-03 23:58:34.217 [main] INFO  com.numbers.interpreter.natural.NumbersInterpretation - Number: 0, has interpretations: 0 
2018-12-03 23:58:34.217 [main] INFO  com.numbers.interpreter.phone.GreekPhoneNumber - --------------Interpretations--------------------
2018-12-03 23:58:34.217 [main] INFO  com.numbers.interpreter.phone.GreekPhoneNumber - 0
2018-12-03 23:58:34.217 [main] INFO  com.numbers.interpreter.phone.GreekPhoneNumber - Phone number: 00302106930664 is valid
2018-12-03 23:58:34.217 [main] INFO  com.numbers.interpreter.natural.NumbersInterpretation - Number: 2, has interpretations: 2 
2018-12-03 23:58:34.217 [main] INFO  com.numbers.interpreter.natural.NumbersInterpretation - Number: 10, has interpretations: 10 1 
2018-12-03 23:58:34.217 [main] INFO  com.numbers.interpreter.natural.NumbersInterpretation - Number: 6, has interpretations: 6 
2018-12-03 23:58:34.217 [main] INFO  com.numbers.interpreter.natural.NumbersInterpretation - Number: 9, has interpretations: 9 
2018-12-03 23:58:34.217 [main] INFO  com.numbers.interpreter.natural.NumbersInterpretation - Number: 30, has interpretations: 30 3 
2018-12-03 23:58:34.217 [main] INFO  com.numbers.interpreter.natural.NumbersInterpretation - Number: 6, has interpretations: 6 
2018-12-03 23:58:34.217 [main] INFO  com.numbers.interpreter.natural.NumbersInterpretation - Number: 6, has interpretations: 6 
2018-12-03 23:58:34.217 [main] INFO  com.numbers.interpreter.natural.NumbersInterpretation - Number: 4, has interpretations: 4 
2018-12-03 23:58:34.217 [main] INFO  com.numbers.interpreter.phone.GreekPhoneNumber - --------------Interpretations--------------------
2018-12-03 23:58:34.217 [main] INFO  com.numbers.interpreter.phone.GreekPhoneNumber - 2106930664
2018-12-03 23:58:34.217 [main] INFO  com.numbers.interpreter.phone.GreekPhoneNumber - 210693664
2018-12-03 23:58:34.217 [main] INFO  com.numbers.interpreter.phone.GreekPhoneNumber - 216930664
2018-12-03 23:58:34.217 [main] INFO  com.numbers.interpreter.phone.GreekPhoneNumber - 21693664
2018-12-03 23:58:34.217 [main] INFO  com.numbers.interpreter.natural.NumbersInterpretation - Number: 2, has interpretations: 2 
2018-12-03 23:58:34.217 [main] INFO  com.numbers.interpreter.natural.NumbersInterpretation - Number: 10, has interpretations: 10 
2018-12-03 23:58:34.233 [main] INFO  com.numbers.interpreter.natural.NumbersInterpretation - Number: 69, has interpretations: 69 609 
2018-12-03 23:58:34.233 [main] INFO  com.numbers.interpreter.natural.NumbersInterpretation - Number: 30, has interpretations: 30 3 
2018-12-03 23:58:34.233 [main] INFO  com.numbers.interpreter.natural.NumbersInterpretation - Number: 6, has interpretations: 6 
2018-12-03 23:58:34.233 [main] INFO  com.numbers.interpreter.natural.NumbersInterpretation - Number: 6, has interpretations: 6 
2018-12-03 23:58:34.233 [main] INFO  com.numbers.interpreter.natural.NumbersInterpretation - Number: 4, has interpretations: 4 
2018-12-03 23:58:34.233 [main] INFO  com.numbers.interpreter.phone.GreekPhoneNumber - --------------Interpretations--------------------
2018-12-03 23:58:34.233 [main] INFO  com.numbers.interpreter.phone.GreekPhoneNumber - 2106930664
2018-12-03 23:58:34.233 [main] INFO  com.numbers.interpreter.phone.GreekPhoneNumber - 210693664
2018-12-03 23:58:34.233 [main] INFO  com.numbers.interpreter.phone.GreekPhoneNumber - 21060930664
2018-12-03 23:58:34.233 [main] INFO  com.numbers.interpreter.phone.GreekPhoneNumber - 2106093664
2018-12-03 23:58:34.233 [main] INFO  com.numbers.interpreter.natural.NumbersInterpretation - Number: 0, has interpretations: 0 
2018-12-03 23:58:34.233 [main] INFO  com.numbers.interpreter.natural.NumbersInterpretation - Number: 0, has interpretations: 0 
2018-12-03 23:58:34.233 [main] INFO  com.numbers.interpreter.natural.NumbersInterpretation - Number: 30, has interpretations: 30 
2018-12-03 23:58:34.233 [main] INFO  com.numbers.interpreter.natural.NumbersInterpretation - Number: 69, has interpretations: 69 609 
2018-12-03 23:58:34.233 [main] INFO  com.numbers.interpreter.natural.NumbersInterpretation - Number: 700, has interpretations: 700 7 
2018-12-03 23:58:34.233 [main] INFO  com.numbers.interpreter.natural.NumbersInterpretation - Number: 24, has interpretations: 24 204 
2018-12-03 23:58:34.233 [main] INFO  com.numbers.interpreter.natural.NumbersInterpretation - Number: 1, has interpretations: 1 
2018-12-03 23:58:34.233 [main] INFO  com.numbers.interpreter.natural.NumbersInterpretation - Number: 3, has interpretations: 3 
2018-12-03 23:58:34.233 [main] INFO  com.numbers.interpreter.natural.NumbersInterpretation - Number: 50, has interpretations: 50 5 
2018-12-03 23:58:34.233 [main] INFO  com.numbers.interpreter.natural.NumbersInterpretation - Number: 2, has interpretations: 2 
2018-12-03 23:58:34.233 [main] INFO  com.numbers.interpreter.phone.GreekPhoneNumber - --------------Interpretations--------------------
2018-12-03 23:58:34.233 [main] INFO  com.numbers.interpreter.phone.GreekPhoneNumber - 0030697002413502
2018-12-03 23:58:34.233 [main] INFO  com.numbers.interpreter.phone.GreekPhoneNumber - 003069700241352
2018-12-03 23:58:34.233 [main] INFO  com.numbers.interpreter.phone.GreekPhoneNumber - 00306970020413502
2018-12-03 23:58:34.233 [main] INFO  com.numbers.interpreter.phone.GreekPhoneNumber - 0030697002041352
2018-12-03 23:58:34.233 [main] INFO  com.numbers.interpreter.phone.GreekPhoneNumber - 00306972413502
2018-12-03 23:58:34.233 [main] INFO  com.numbers.interpreter.phone.GreekPhoneNumber - 0030697241352
2018-12-03 23:58:34.233 [main] INFO  com.numbers.interpreter.phone.GreekPhoneNumber - 003069720413502
2018-12-03 23:58:34.233 [main] INFO  com.numbers.interpreter.phone.GreekPhoneNumber - 00306972041352
2018-12-03 23:58:52.338 [main] DEBUG com.numbers.interpreter.Interpreter - Input number: 54 343 43 3 
2018-12-03 23:58:52.506 [main] INFO  com.numbers.interpreter.natural.NumbersInterpretation - Number: 54, has interpretations: 54 504 
2018-12-03 23:58:52.507 [main] INFO  com.numbers.interpreter.natural.NumbersInterpretation - Number: 343, has interpretations: 343 3403 30043 300403 
2018-12-03 23:58:52.507 [main] INFO  com.numbers.interpreter.natural.NumbersInterpretation - Number: 43, has interpretations: 43 403 
2018-12-03 23:58:52.508 [main] INFO  com.numbers.interpreter.natural.NumbersInterpretation - Number: 3, has interpretations: 3 
2018-12-03 23:58:52.519 [main] INFO  com.numbers.interpreter.phone.GreekPhoneNumber - --------------Interpretations--------------------
2018-12-03 23:58:52.520 [main] INFO  com.numbers.interpreter.phone.GreekPhoneNumber - 54343433
2018-12-03 23:58:52.520 [main] INFO  com.numbers.interpreter.phone.GreekPhoneNumber - 543434033
2018-12-03 23:58:52.521 [main] INFO  com.numbers.interpreter.phone.GreekPhoneNumber - 543403433
2018-12-03 23:58:52.521 [main] INFO  com.numbers.interpreter.phone.GreekPhoneNumber - 5434034033
2018-12-03 23:58:52.521 [main] INFO  com.numbers.interpreter.phone.GreekPhoneNumber - 5430043433
2018-12-03 23:58:52.522 [main] INFO  com.numbers.interpreter.phone.GreekPhoneNumber - 54300434033
2018-12-03 23:58:52.522 [main] INFO  com.numbers.interpreter.phone.GreekPhoneNumber - 54300403433
2018-12-03 23:58:52.522 [main] INFO  com.numbers.interpreter.phone.GreekPhoneNumber - 543004034033
2018-12-03 23:58:52.522 [main] INFO  com.numbers.interpreter.phone.GreekPhoneNumber - 504343433
2018-12-03 23:58:52.523 [main] INFO  com.numbers.interpreter.phone.GreekPhoneNumber - 5043434033
2018-12-03 23:58:52.523 [main] INFO  com.numbers.interpreter.phone.GreekPhoneNumber - 5043403433
2018-12-03 23:58:52.523 [main] INFO  com.numbers.interpreter.phone.GreekPhoneNumber - 50434034033
2018-12-03 23:58:52.523 [main] INFO  com.numbers.interpreter.phone.GreekPhoneNumber - 50430043433
2018-12-03 23:58:52.524 [main] INFO  com.numbers.interpreter.phone.GreekPhoneNumber - 504300434033
2018-12-03 23:58:52.524 [main] INFO  com.numbers.interpreter.phone.GreekPhoneNumber - 504300403433
2018-12-03 23:58:52.525 [main] INFO  com.numbers.interpreter.phone.GreekPhoneNumber - 5043004034033
2018-12-03 23:58:52.526 [main] INFO  com.numbers.interpreter.phone.GreekPhoneNumber - Phone number: 54343433 is not valid
2018-12-03 23:58:52.526 [main] DEBUG com.numbers.interpreter.Interpreter - Interpretation 1:54343433[phone number: INVALID]
2018-12-03 23:58:52.527 [main] INFO  com.numbers.interpreter.phone.GreekPhoneNumber - Phone number: 54343433 is not valid
2018-12-03 23:58:52.529 [main] INFO  com.numbers.interpreter.phone.GreekPhoneNumber - Phone number: 543434033 is not valid
2018-12-03 23:58:52.530 [main] DEBUG com.numbers.interpreter.Interpreter - Interpretation 2:543434033[phone number: INVALID]
2018-12-03 23:58:52.531 [main] INFO  com.numbers.interpreter.phone.GreekPhoneNumber - Phone number: 543434033 is not valid
2018-12-03 23:58:52.533 [main] INFO  com.numbers.interpreter.phone.GreekPhoneNumber - Phone number: 543403433 is not valid
2018-12-03 23:58:52.534 [main] DEBUG com.numbers.interpreter.Interpreter - Interpretation 3:543403433[phone number: INVALID]
2018-12-03 23:58:52.535 [main] INFO  com.numbers.interpreter.phone.GreekPhoneNumber - Phone number: 543403433 is not valid
2018-12-03 23:58:52.540 [main] INFO  com.numbers.interpreter.phone.GreekPhoneNumber - Phone number: 5434034033 is not valid
2018-12-03 23:58:52.540 [main] DEBUG com.numbers.interpreter.Interpreter - Interpretation 4:5434034033[phone number: INVALID]
2018-12-03 23:58:52.541 [main] INFO  com.numbers.interpreter.phone.GreekPhoneNumber - Phone number: 5434034033 is not valid
2018-12-03 23:58:52.543 [main] INFO  com.numbers.interpreter.phone.GreekPhoneNumber - Phone number: 5430043433 is not valid
2018-12-03 23:58:52.544 [main] DEBUG com.numbers.interpreter.Interpreter - Interpretation 5:5430043433[phone number: INVALID]
2018-12-03 23:58:52.544 [main] INFO  com.numbers.interpreter.phone.GreekPhoneNumber - Phone number: 5430043433 is not valid
2018-12-03 23:58:52.547 [main] INFO  com.numbers.interpreter.phone.GreekPhoneNumber - Phone number: 54300434033 is not valid
2018-12-03 23:58:52.547 [main] DEBUG com.numbers.interpreter.Interpreter - Interpretation 6:54300434033[phone number: INVALID]
2018-12-03 23:58:52.548 [main] INFO  com.numbers.interpreter.phone.GreekPhoneNumber - Phone number: 54300434033 is not valid
2018-12-03 23:58:52.553 [main] INFO  com.numbers.interpreter.phone.GreekPhoneNumber - Phone number: 54300403433 is not valid
2018-12-03 23:58:52.554 [main] DEBUG com.numbers.interpreter.Interpreter - Interpretation 7:54300403433[phone number: INVALID]
2018-12-03 23:58:52.555 [main] INFO  com.numbers.interpreter.phone.GreekPhoneNumber - Phone number: 54300403433 is not valid
2018-12-03 23:58:52.558 [main] INFO  com.numbers.interpreter.phone.GreekPhoneNumber - Phone number: 543004034033 is not valid
2018-12-03 23:58:52.559 [main] DEBUG com.numbers.interpreter.Interpreter - Interpretation 8:543004034033[phone number: INVALID]
2018-12-03 23:58:52.560 [main] INFO  com.numbers.interpreter.phone.GreekPhoneNumber - Phone number: 543004034033 is not valid
2018-12-03 23:58:52.564 [main] INFO  com.numbers.interpreter.phone.GreekPhoneNumber - Phone number: 504343433 is not valid
2018-12-03 23:58:52.565 [main] DEBUG com.numbers.interpreter.Interpreter - Interpretation 9:504343433[phone number: INVALID]
2018-12-03 23:58:52.566 [main] INFO  com.numbers.interpreter.phone.GreekPhoneNumber - Phone number: 504343433 is not valid
2018-12-03 23:58:52.569 [main] INFO  com.numbers.interpreter.phone.GreekPhoneNumber - Phone number: 5043434033 is not valid
2018-12-03 23:58:52.570 [main] DEBUG com.numbers.interpreter.Interpreter - Interpretation 10:5043434033[phone number: INVALID]
2018-12-03 23:58:52.570 [main] INFO  com.numbers.interpreter.phone.GreekPhoneNumber - Phone number: 5043434033 is not valid
2018-12-03 23:58:52.575 [main] INFO  com.numbers.interpreter.phone.GreekPhoneNumber - Phone number: 5043403433 is not valid
2018-12-03 23:58:52.576 [main] DEBUG com.numbers.interpreter.Interpreter - Interpretation 11:5043403433[phone number: INVALID]
2018-12-03 23:58:52.577 [main] INFO  com.numbers.interpreter.phone.GreekPhoneNumber - Phone number: 5043403433 is not valid
2018-12-03 23:58:52.579 [main] INFO  com.numbers.interpreter.phone.GreekPhoneNumber - Phone number: 50434034033 is not valid
2018-12-03 23:58:52.580 [main] DEBUG com.numbers.interpreter.Interpreter - Interpretation 12:50434034033[phone number: INVALID]
2018-12-03 23:58:52.581 [main] INFO  com.numbers.interpreter.phone.GreekPhoneNumber - Phone number: 50434034033 is not valid
2018-12-03 23:58:52.582 [main] INFO  com.numbers.interpreter.phone.GreekPhoneNumber - Phone number: 50430043433 is not valid
2018-12-03 23:58:52.582 [main] DEBUG com.numbers.interpreter.Interpreter - Interpretation 13:50430043433[phone number: INVALID]
2018-12-03 23:58:52.582 [main] INFO  com.numbers.interpreter.phone.GreekPhoneNumber - Phone number: 50430043433 is not valid
2018-12-03 23:58:52.582 [main] INFO  com.numbers.interpreter.phone.GreekPhoneNumber - Phone number: 504300434033 is not valid
2018-12-03 23:58:52.582 [main] DEBUG com.numbers.interpreter.Interpreter - Interpretation 14:504300434033[phone number: INVALID]
2018-12-03 23:58:52.582 [main] INFO  com.numbers.interpreter.phone.GreekPhoneNumber - Phone number: 504300434033 is not valid
2018-12-03 23:58:52.582 [main] INFO  com.numbers.interpreter.phone.GreekPhoneNumber - Phone number: 504300403433 is not valid
2018-12-03 23:58:52.582 [main] DEBUG com.numbers.interpreter.Interpreter - Interpretation 15:504300403433[phone number: INVALID]
2018-12-03 23:58:52.582 [main] INFO  com.numbers.interpreter.phone.GreekPhoneNumber - Phone number: 504300403433 is not valid
2018-12-03 23:58:52.582 [main] INFO  com.numbers.interpreter.phone.GreekPhoneNumber - Phone number: 5043004034033 is not valid
2018-12-03 23:58:52.582 [main] DEBUG com.numbers.interpreter.Interpreter - Interpretation 16:5043004034033[phone number: INVALID]
2018-12-03 23:58:52.582 [main] INFO  com.numbers.interpreter.phone.GreekPhoneNumber - Phone number: 5043004034033 is not valid
2018-12-04 00:12:45.063 [main] INFO  com.numbers.interpreter.natural.NumbersInterpretation - Number: 0, has interpretations: 0 
2018-12-04 00:12:45.078 [main] INFO  com.numbers.interpreter.phone.GreekPhoneNumber - --------------Interpretations--------------------
2018-12-04 00:12:45.078 [main] INFO  com.numbers.interpreter.phone.GreekPhoneNumber - 0
2018-12-04 00:12:45.078 [main] INFO  com.numbers.interpreter.phone.GreekPhoneNumber - Phone number: 302558 is not valid
2018-12-04 00:12:45.078 [main] INFO  com.numbers.interpreter.natural.NumbersInterpretation - Number: 0, has interpretations: 0 
2018-12-04 00:12:45.078 [main] INFO  com.numbers.interpreter.phone.GreekPhoneNumber - --------------Interpretations--------------------
2018-12-04 00:12:45.078 [main] INFO  com.numbers.interpreter.phone.GreekPhoneNumber - 0
2018-12-04 00:12:45.094 [main] INFO  com.numbers.interpreter.phone.GreekPhoneNumber - Phone number: 2106930664 is valid
2018-12-04 00:12:45.096 [main] INFO  com.numbers.interpreter.natural.NumbersInterpretation - Number: 0, has interpretations: 0 
2018-12-04 00:12:45.097 [main] INFO  com.numbers.interpreter.phone.GreekPhoneNumber - --------------Interpretations--------------------
2018-12-04 00:12:45.097 [main] INFO  com.numbers.interpreter.phone.GreekPhoneNumber - 0
2018-12-04 00:12:45.097 [main] INFO  com.numbers.interpreter.phone.GreekPhoneNumber - Phone number: 00306974092252 is valid
2018-12-04 00:12:45.100 [main] INFO  com.numbers.interpreter.natural.NumbersInterpretation - Number: 0, has interpretations: 0 
2018-12-04 00:12:45.100 [main] INFO  com.numbers.interpreter.phone.GreekPhoneNumber - --------------Interpretations--------------------
2018-12-04 00:12:45.101 [main] INFO  com.numbers.interpreter.phone.GreekPhoneNumber - 0
2018-12-04 00:12:45.101 [main] INFO  com.numbers.interpreter.phone.GreekPhoneNumber - Phone number: 69740922521 is not valid
2018-12-04 00:12:45.103 [main] INFO  com.numbers.interpreter.natural.NumbersInterpretation - Number: 0, has interpretations: 0 
2018-12-04 00:12:45.103 [main] INFO  com.numbers.interpreter.phone.GreekPhoneNumber - --------------Interpretations--------------------
2018-12-04 00:12:45.104 [main] INFO  com.numbers.interpreter.phone.GreekPhoneNumber - 0
2018-12-04 00:12:45.104 [main] INFO  com.numbers.interpreter.phone.GreekPhoneNumber - Phone number: 00302106930664 is valid
2018-12-04 00:12:45.108 [main] INFO  com.numbers.interpreter.natural.NumbersInterpretation - Number: 2, has interpretations: 2 
2018-12-04 00:12:45.108 [main] INFO  com.numbers.interpreter.natural.NumbersInterpretation - Number: 10, has interpretations: 10 1 
2018-12-04 00:12:45.111 [main] INFO  com.numbers.interpreter.natural.NumbersInterpretation - Number: 6, has interpretations: 6 
2018-12-04 00:12:45.111 [main] INFO  com.numbers.interpreter.natural.NumbersInterpretation - Number: 9, has interpretations: 9 
2018-12-04 00:12:45.111 [main] INFO  com.numbers.interpreter.natural.NumbersInterpretation - Number: 30, has interpretations: 30 3 
2018-12-04 00:12:45.112 [main] INFO  com.numbers.interpreter.natural.NumbersInterpretation - Number: 6, has interpretations: 6 
2018-12-04 00:12:45.112 [main] INFO  com.numbers.interpreter.natural.NumbersInterpretation - Number: 6, has interpretations: 6 
2018-12-04 00:12:45.113 [main] INFO  com.numbers.interpreter.natural.NumbersInterpretation - Number: 4, has interpretations: 4 
2018-12-04 00:12:45.116 [main] INFO  com.numbers.interpreter.phone.GreekPhoneNumber - --------------Interpretations--------------------
2018-12-04 00:12:45.117 [main] INFO  com.numbers.interpreter.phone.GreekPhoneNumber - 2106930664
2018-12-04 00:12:45.117 [main] INFO  com.numbers.interpreter.phone.GreekPhoneNumber - 210693664
2018-12-04 00:12:45.117 [main] INFO  com.numbers.interpreter.phone.GreekPhoneNumber - 216930664
2018-12-04 00:12:45.118 [main] INFO  com.numbers.interpreter.phone.GreekPhoneNumber - 21693664
2018-12-04 00:12:45.121 [main] INFO  com.numbers.interpreter.natural.NumbersInterpretation - Number: 2, has interpretations: 2 
2018-12-04 00:12:45.122 [main] INFO  com.numbers.interpreter.natural.NumbersInterpretation - Number: 10, has interpretations: 10 
2018-12-04 00:12:45.122 [main] INFO  com.numbers.interpreter.natural.NumbersInterpretation - Number: 69, has interpretations: 69 609 
2018-12-04 00:12:45.122 [main] INFO  com.numbers.interpreter.natural.NumbersInterpretation - Number: 30, has interpretations: 30 3 
2018-12-04 00:12:45.122 [main] INFO  com.numbers.interpreter.natural.NumbersInterpretation - Number: 6, has interpretations: 6 
2018-12-04 00:12:45.122 [main] INFO  com.numbers.interpreter.natural.NumbersInterpretation - Number: 6, has interpretations: 6 
2018-12-04 00:12:45.122 [main] INFO  com.numbers.interpreter.natural.NumbersInterpretation - Number: 4, has interpretations: 4 
2018-12-04 00:12:45.122 [main] INFO  com.numbers.interpreter.phone.GreekPhoneNumber - --------------Interpretations--------------------
2018-12-04 00:12:45.122 [main] INFO  com.numbers.interpreter.phone.GreekPhoneNumber - 2106930664
2018-12-04 00:12:45.122 [main] INFO  com.numbers.interpreter.phone.GreekPhoneNumber - 210693664
2018-12-04 00:12:45.122 [main] INFO  com.numbers.interpreter.phone.GreekPhoneNumber - 21060930664
2018-12-04 00:12:45.122 [main] INFO  com.numbers.interpreter.phone.GreekPhoneNumber - 2106093664
2018-12-04 00:12:45.122 [main] INFO  com.numbers.interpreter.natural.NumbersInterpretation - Number: 0, has interpretations: 0 
2018-12-04 00:12:45.122 [main] INFO  com.numbers.interpreter.natural.NumbersInterpretation - Number: 0, has interpretations: 0 
2018-12-04 00:12:45.122 [main] INFO  com.numbers.interpreter.natural.NumbersInterpretation - Number: 30, has interpretations: 30 
2018-12-04 00:12:45.122 [main] INFO  com.numbers.interpreter.natural.NumbersInterpretation - Number: 69, has interpretations: 69 609 
2018-12-04 00:12:45.122 [main] INFO  com.numbers.interpreter.natural.NumbersInterpretation - Number: 700, has interpretations: 700 7 
2018-12-04 00:12:45.122 [main] INFO  com.numbers.interpreter.natural.NumbersInterpretation - Number: 24, has interpretations: 24 204 
2018-12-04 00:12:45.122 [main] INFO  com.numbers.interpreter.natural.NumbersInterpretation - Number: 1, has interpretations: 1 
2018-12-04 00:12:45.122 [main] INFO  com.numbers.interpreter.natural.NumbersInterpretation - Number: 3, has interpretations: 3 
2018-12-04 00:12:45.122 [main] INFO  com.numbers.interpreter.natural.NumbersInterpretation - Number: 50, has interpretations: 50 5 
2018-12-04 00:12:45.122 [main] INFO  com.numbers.interpreter.natural.NumbersInterpretation - Number: 2, has interpretations: 2 
2018-12-04 00:12:45.122 [main] INFO  com.numbers.interpreter.phone.GreekPhoneNumber - --------------Interpretations--------------------
2018-12-04 00:12:45.122 [main] INFO  com.numbers.interpreter.phone.GreekPhoneNumber - 0030697002413502
2018-12-04 00:12:45.122 [main] INFO  com.numbers.interpreter.phone.GreekPhoneNumber - 003069700241352
2018-12-04 00:12:45.122 [main] INFO  com.numbers.interpreter.phone.GreekPhoneNumber - 00306970020413502
2018-12-04 00:12:45.122 [main] INFO  com.numbers.interpreter.phone.GreekPhoneNumber - 0030697002041352
2018-12-04 00:12:45.122 [main] INFO  com.numbers.interpreter.phone.GreekPhoneNumber - 00306972413502
2018-12-04 00:12:45.122 [main] INFO  com.numbers.interpreter.phone.GreekPhoneNumber - 0030697241352
2018-12-04 00:12:45.122 [main] INFO  com.numbers.interpreter.phone.GreekPhoneNumber - 003069720413502
2018-12-04 00:12:45.122 [main] INFO  com.numbers.interpreter.phone.GreekPhoneNumber - 00306972041352
